<?xml version="1.0" encoding="UTF-8"?>
<testng-results skipped="0" failed="0" ignored="0" total="1" passed="1">
  <reporter-output>
    <line>
      <![CDATA[Step-1 : Open Flipkart URL https://www.flipkart.com/</br>]]>
    </line>
    <line>
      <![CDATA[Step-2 : Click on close button to close Popup</br>]]>
    </line>
    <line>
      <![CDATA[Verify Pop up is hide & user redirect to Home page.</br>]]>
    </line>
    <line>
      <![CDATA[Pass<font color=238E23>--<img src="passed.png"/></font></br>]]>
    </line>
  </reporter-output>
  <suite name="Flipkart" duration-ms="29165" started-at="2020-05-06T19:09:55Z" finished-at="2020-05-06T19:10:24Z">
    <groups>
    </groups>
    <test name="Search Request ID" duration-ms="29165" started-at="2020-05-06T19:09:55Z" finished-at="2020-05-06T19:10:24Z">
      <class name="com.Flipkart.AddtoCart.AddtoCartIndex">
        <test-method status="PASS" signature="fetchSuiteConfiguration(org.testng.ITestContext)[pri:0, instance:com.Flipkart.AddtoCart.AddtoCartIndex@33c7e1bb]" name="fetchSuiteConfiguration" is-config="true" duration-ms="27" started-at="2020-05-07T00:39:55Z" finished-at="2020-05-07T00:39:55Z">
          <params>
            <param index="0">
              <value>
                <![CDATA[org.testng.TestRunner@f627d13]]>
              </value>
            </param>
          </params>
          <reporter-output>
          </reporter-output>
        </test-method> <!-- fetchSuiteConfiguration -->
        <test-method status="PASS" signature="setUp(java.lang.reflect.Method, org.testng.ITestContext, org.testng.ITestResult)[pri:0, instance:com.Flipkart.AddtoCart.AddtoCartIndex@33c7e1bb]" name="setUp" is-config="true" duration-ms="19140" started-at="2020-05-07T00:39:55Z" finished-at="2020-05-07T00:40:14Z">
          <params>
            <param index="0">
              <value>
                <![CDATA[public void com.Flipkart.AddtoCart.AddtoCartIndex.AddToCart()]]>
              </value>
            </param>
            <param index="1">
              <value>
                <![CDATA[org.testng.TestRunner@f627d13]]>
              </value>
            </param>
            <param index="2">
              <value>
                <![CDATA[[TestResult name=AddToCart status=SUCCESS method=AddtoCartIndex.AddToCart()[pri:0, instance:com.Flipkart.AddtoCart.AddtoCartIndex@33c7e1bb] output=Step-1 : Open Flipkart URL https://www.flipkart.com/</br>]]]>
              </value>
            </param>
          </params>
          <reporter-output>
          </reporter-output>
        </test-method> <!-- setUp -->
        <test-method status="PASS" signature="AddToCart()[pri:0, instance:com.Flipkart.AddtoCart.AddtoCartIndex@33c7e1bb]" name="AddToCart" duration-ms="6395" started-at="2020-05-07T00:40:14Z" finished-at="2020-05-07T00:40:21Z">
          <reporter-output>
            <line>
              <![CDATA[Step-1 : Open Flipkart URL https://www.flipkart.com/</br>]]>
            </line>
            <line>
              <![CDATA[Step-2 : Click on close button to close Popup</br>]]>
            </line>
            <line>
              <![CDATA[Verify Pop up is hide & user redirect to Home page.</br>]]>
            </line>
            <line>
              <![CDATA[Pass<font color=238E23>--<img src="passed.png"/></font></br>]]>
            </line>
          </reporter-output>
        </test-method> <!-- AddToCart -->
        <test-method status="PASS" signature="tearDown(org.testng.ITestResult, org.testng.ITestContext)[pri:0, instance:com.Flipkart.AddtoCart.AddtoCartIndex@33c7e1bb]" name="tearDown" is-config="true" duration-ms="3583" started-at="2020-05-07T00:40:21Z" finished-at="2020-05-07T00:40:24Z">
          <params>
            <param index="0">
              <value>
                <![CDATA[[TestResult name=AddToCart status=SUCCESS method=AddtoCartIndex.AddToCart()[pri:0, instance:com.Flipkart.AddtoCart.AddtoCartIndex@33c7e1bb] output=Step-1 : Open Flipkart URL https://www.flipkart.com/</br>]]]>
              </value>
            </param>
            <param index="1">
              <value>
                <![CDATA[org.testng.TestRunner@f627d13]]>
              </value>
            </param>
          </params>
          <reporter-output>
          </reporter-output>
        </test-method> <!-- tearDown -->
      </class> <!-- com.Flipkart.AddtoCart.AddtoCartIndex -->
    </test> <!-- Search Request ID -->
  </suite> <!-- Flipkart -->
</testng-results>
