<?xml version="1.0" encoding="UTF-8"?>
<testng-results skipped="0" failed="1" ignored="0" total="1" passed="0">
  <reporter-output>
    <line>
      <![CDATA[Step-1 : Open Flipkart URL https://www.flipkart.com/</br>]]>
    </line>
    <line>
      <![CDATA[Step-2 : Click on close button to close Popup</br>]]>
    </line>
  </reporter-output>
  <suite name="Flipkart" duration-ms="2718" started-at="2020-05-07T18:18:33Z" finished-at="2020-05-07T18:18:35Z">
    <groups>
    </groups>
    <test name="Search Request ID" duration-ms="2718" started-at="2020-05-07T18:18:33Z" finished-at="2020-05-07T18:18:35Z">
      <class name="com.Flipkart.AddtoCart.AddtoCartIndex">
        <test-method status="PASS" signature="fetchSuiteConfiguration(org.testng.ITestContext)[pri:0, instance:com.Flipkart.AddtoCart.AddtoCartIndex@617faa95]" name="fetchSuiteConfiguration" is-config="true" duration-ms="38" started-at="2020-05-07T23:48:33Z" finished-at="2020-05-07T23:48:33Z">
          <params>
            <param index="0">
              <value>
                <![CDATA[org.testng.TestRunner@229c6181]]>
              </value>
            </param>
          </params>
          <reporter-output>
          </reporter-output>
        </test-method> <!-- fetchSuiteConfiguration -->
        <test-method status="PASS" signature="setUp(java.lang.reflect.Method, org.testng.ITestContext, org.testng.ITestResult)[pri:0, instance:com.Flipkart.AddtoCart.AddtoCartIndex@617faa95]" name="setUp" is-config="true" duration-ms="2568" started-at="2020-05-07T23:48:33Z" finished-at="2020-05-07T23:48:35Z">
          <params>
            <param index="0">
              <value>
                <![CDATA[public void com.Flipkart.AddtoCart.AddtoCartIndex.AddToCart()]]>
              </value>
            </param>
            <param index="1">
              <value>
                <![CDATA[org.testng.TestRunner@229c6181]]>
              </value>
            </param>
            <param index="2">
              <value>
                <![CDATA[[TestResult name=AddToCart status=FAILURE method=AddtoCartIndex.AddToCart()[pri:0, instance:com.Flipkart.AddtoCart.AddtoCartIndex@617faa95] output=Step-1 : Open Flipkart URL https://www.flipkart.com/</br>]]]>
              </value>
            </param>
          </params>
          <reporter-output>
          </reporter-output>
        </test-method> <!-- setUp -->
        <test-method status="FAIL" signature="AddToCart()[pri:0, instance:com.Flipkart.AddtoCart.AddtoCartIndex@617faa95]" name="AddToCart" duration-ms="15" started-at="2020-05-07T23:48:35Z" finished-at="2020-05-07T23:48:35Z">
          <exception class="java.lang.NullPointerException">
            <full-stacktrace>
              <![CDATA[java.lang.NullPointerExceptionat com.Flipkart.AddtoCart.AddtoCartIndex.AddToCart(AddtoCartIndex.java:27)at sun.reflect.NativeMethodAccessorImpl.invoke0(Native Method)at sun.reflect.NativeMethodAccessorImpl.invoke(NativeMethodAccessorImpl.java:62)at sun.reflect.DelegatingMethodAccessorImpl.invoke(DelegatingMethodAccessorImpl.java:43)at java.lang.reflect.Method.invoke(Method.java:498)at org.testng.internal.MethodInvocationHelper.invokeMethod(MethodInvocationHelper.java:124)at org.testng.internal.Invoker.invokeMethod(Invoker.java:571)at org.testng.internal.Invoker.invokeTestMethod(Invoker.java:707)at org.testng.internal.Invoker.invokeTestMethods(Invoker.java:979)at org.testng.internal.TestMethodWorker.invokeTestMethods(TestMethodWorker.java:125)at org.testng.internal.TestMethodWorker.run(TestMethodWorker.java:109)at org.testng.TestRunner.privateRun(TestRunner.java:648)at org.testng.TestRunner.run(TestRunner.java:505)at org.testng.SuiteRunner.runTest(SuiteRunner.java:455)at org.testng.SuiteRunner.runSequentially(SuiteRunner.java:450)at org.testng.SuiteRunner.privateRun(SuiteRunner.java:415)at org.testng.SuiteRunner.run(SuiteRunner.java:364)at org.testng.SuiteRunnerWorker.runSuite(SuiteRunnerWorker.java:52)at org.testng.SuiteRunnerWorker.run(SuiteRunnerWorker.java:84)at org.testng.TestNG.runSuitesSequentially(TestNG.java:1187)at org.testng.TestNG.runSuitesLocally(TestNG.java:1116)at org.testng.TestNG.runSuites(TestNG.java:1028)at org.testng.TestNG.run(TestNG.java:996)at org.testng.remote.AbstractRemoteTestNG.run(AbstractRemoteTestNG.java:114)at org.testng.remote.RemoteTestNG.initAndRun(RemoteTestNG.java:251)at org.testng.remote.RemoteTestNG.main(RemoteTestNG.java:77)]]>
            </full-stacktrace>
          </exception> <!-- java.lang.NullPointerException -->
          <reporter-output>
            <line>
              <![CDATA[Step-1 : Open Flipkart URL https://www.flipkart.com/</br>]]>
            </line>
            <line>
              <![CDATA[Step-2 : Click on close button to close Popup</br>]]>
            </line>
          </reporter-output>
        </test-method> <!-- AddToCart -->
        <test-method status="FAIL" signature="tearDown(org.testng.ITestResult, org.testng.ITestContext)[pri:0, instance:com.Flipkart.AddtoCart.AddtoCartIndex@617faa95]" name="tearDown" is-config="true" duration-ms="47" started-at="2020-05-07T23:48:35Z" finished-at="2020-05-07T23:48:35Z">
          <params>
            <param index="0">
              <value>
                <![CDATA[[TestResult name=AddToCart status=FAILURE method=AddtoCartIndex.AddToCart()[pri:0, instance:com.Flipkart.AddtoCart.AddtoCartIndex@617faa95] output=Step-1 : Open Flipkart URL https://www.flipkart.com/</br>]]]>
              </value>
            </param>
            <param index="1">
              <value>
                <![CDATA[org.testng.TestRunner@229c6181]]>
              </value>
            </param>
          </params>
          <exception class="java.lang.NullPointerException">
            <full-stacktrace>
              <![CDATA[java.lang.NullPointerExceptionat com.Flipkart.Init.SeleniumInit.tearDown(SeleniumInit.java:294)at sun.reflect.NativeMethodAccessorImpl.invoke0(Native Method)at sun.reflect.NativeMethodAccessorImpl.invoke(NativeMethodAccessorImpl.java:62)at sun.reflect.DelegatingMethodAccessorImpl.invoke(DelegatingMethodAccessorImpl.java:43)at java.lang.reflect.Method.invoke(Method.java:498)at org.testng.internal.MethodInvocationHelper.invokeMethod(MethodInvocationHelper.java:124)at org.testng.internal.MethodInvocationHelper.invokeMethodConsideringTimeout(MethodInvocationHelper.java:59)at org.testng.internal.Invoker.invokeConfigurationMethod(Invoker.java:451)at org.testng.internal.Invoker.invokeConfigurations(Invoker.java:222)at org.testng.internal.Invoker.invokeMethod(Invoker.java:634)at org.testng.internal.Invoker.invokeTestMethod(Invoker.java:707)at org.testng.internal.Invoker.invokeTestMethods(Invoker.java:979)at org.testng.internal.TestMethodWorker.invokeTestMethods(TestMethodWorker.java:125)at org.testng.internal.TestMethodWorker.run(TestMethodWorker.java:109)at org.testng.TestRunner.privateRun(TestRunner.java:648)at org.testng.TestRunner.run(TestRunner.java:505)at org.testng.SuiteRunner.runTest(SuiteRunner.java:455)at org.testng.SuiteRunner.runSequentially(SuiteRunner.java:450)at org.testng.SuiteRunner.privateRun(SuiteRunner.java:415)at org.testng.SuiteRunner.run(SuiteRunner.java:364)at org.testng.SuiteRunnerWorker.runSuite(SuiteRunnerWorker.java:52)at org.testng.SuiteRunnerWorker.run(SuiteRunnerWorker.java:84)at org.testng.TestNG.runSuitesSequentially(TestNG.java:1187)at org.testng.TestNG.runSuitesLocally(TestNG.java:1116)at org.testng.TestNG.runSuites(TestNG.java:1028)at org.testng.TestNG.run(TestNG.java:996)at org.testng.remote.AbstractRemoteTestNG.run(AbstractRemoteTestNG.java:114)at org.testng.remote.RemoteTestNG.initAndRun(RemoteTestNG.java:251)at org.testng.remote.RemoteTestNG.main(RemoteTestNG.java:77)]]>
            </full-stacktrace>
          </exception> <!-- java.lang.NullPointerException -->
          <reporter-output>
          </reporter-output>
        </test-method> <!-- tearDown -->
      </class> <!-- com.Flipkart.AddtoCart.AddtoCartIndex -->
    </test> <!-- Search Request ID -->
  </suite> <!-- Flipkart -->
</testng-results>
