<?xml version="1.0" encoding="UTF-8"?>
<!-- Generated by org.testng.reporters.JUnitXMLReporter -->
<testsuite hostname="PARTH-PC" ignored="0" name="Search Request ID" tests="1" failures="1" timestamp="07 May 2020 18:18:35 GMT" time="2.718" errors="0">
  <testcase name="@AfterMethod tearDown" time="0.047" classname="com.Flipkart.Init.SeleniumInit">
    <failure type="java.lang.NullPointerException">
      <![CDATA[java.lang.NullPointerExceptionat com.Flipkart.Init.SeleniumInit.tearDown(SeleniumInit.java:294)... Removed 28 stack frames]]>
    </failure>
  </testcase> <!-- @AfterMethod tearDown -->
  <testcase name="AddToCart" time="0.015" classname="com.Flipkart.AddtoCart.AddtoCartIndex">
    <failure type="java.lang.NullPointerException">
      <![CDATA[java.lang.NullPointerExceptionat com.Flipkart.AddtoCart.AddtoCartIndex.AddToCart(AddtoCartIndex.java:27)... Removed 25 stack frames]]>
    </failure>
  </testcase> <!-- AddToCart -->
</testsuite> <!-- Search Request ID -->
